2013-02-19 17:08:18	Sell GLD purchased at 170.51 7% StopLoss
2013-02-19 17:08:32	Sell ENI at 18.23 stop-loss
2013-02-19 17:09:06	Sell HLF at 39.49  avg gain
2013-02-19 17:09:10	Sell IACI at 41.85  avg gain
2013-02-19 17:09:11	Sell MBT at 20.15  avg gain
2013-02-19 17:09:11	Sell TDC at 63.06  avg gain
2013-02-19 17:09:11	Sell PBA at 28.87  break-even
2013-02-19 17:09:11	Sell MW at 29.41  avg gain
2013-02-19 17:09:22	Sell RDEN at 38.01  break-even
2013-02-19 17:09:28	Sell GLD purchased at 170.51 7% StopLoss
2013-02-19 17:10:08	Sell ENI at 18.23 stop-loss
2013-02-20 11:22:00	Sell GLD purchased at 170.51 7% StopLoss
2013-02-20 11:25:45	Sell GLD purchased at 170.51 7% StopLoss
2013-02-20 11:27:49	Sell GLD purchased at 170.51 7% StopLoss
2013-02-20 11:29:34	Sell GLD purchased at 170.51 7% StopLoss
2013-02-20 11:41:03	Sell GLD purchased at 170.51 7% StopLoss
2013-02-20 11:44:53	Sell GLD purchased at 170.51 7% StopLoss
2013-02-20 11:45:51	Sell GLD purchased at 170.51 7% StopLoss
2013-02-20 11:47:13	Sell GLD purchased at 170.51 7% StopLoss
2013-02-20 11:48:55	Sell GLD purchased at 170.51 7% StopLoss
2013-02-20 11:50:03	Sell GLD purchased at 170.51 7% StopLoss
2013-02-20 11:53:05	Sell GLD purchased at 170.51 7% StopLoss
2013-02-20 11:54:20	Sell GLD purchased at 170.51 7% StopLoss
2013-02-20 15:06:20	Sell GLD purchased at 170.51 7% StopLoss
2013-02-20 15:06:20	Sell BAC purchased at 12.21 same-day 2% StopLoss
2013-02-20 15:06:21	Sell BAC purchased at 12.06 same-day 2% StopLoss
2013-02-20 15:06:22	Sell LXK purchased at 24.04 7% StopLoss
2013-02-20 15:13:32	Sell GLD purchased at 170.51 7% StopLoss
2013-02-20 15:13:32	Sell BAC purchased at 12.06 same-day 2% StopLoss
2013-02-20 15:13:33	Sell BAC purchased at 12.21 same-day 2% StopLoss
2013-02-20 15:13:33	Sell LXK purchased at 24.04 7% StopLoss
2013-02-20 15:15:13	Sell BAC purchased at 12.06 same-day 2% StopLoss
2013-02-20 15:15:14	Sell GLD purchased at 170.51 7% StopLoss
2013-02-20 15:15:15	Sell BAC purchased at 12.21 same-day 2% StopLoss
2013-02-20 15:15:15	Sell LXK purchased at 24.04 7% StopLoss
2013-02-20 15:16:09	Sell BAC purchased at 12.06 same-day 2% StopLoss
2013-02-20 15:16:09	Sell LXK purchased at 24.04 7% StopLoss
2013-02-20 15:16:10	Sell GLD purchased at 170.51 7% StopLoss
2013-02-20 15:16:10	Sell BAC purchased at 12.21 same-day 2% StopLoss
2013-02-20 15:17:03	Sell BAC purchased at 12.06 same-day 2% StopLoss
2013-02-20 15:17:03	Sell BAC purchased at 12.21 same-day 2% StopLoss
2013-02-20 15:17:03	Sell GLD purchased at 170.51 7% StopLoss
2013-02-20 15:17:04	Sell LXK purchased at 24.04 7% StopLoss
2013-02-20 15:17:45	Sell LXK purchased at 24.04 7% StopLoss
2013-02-20 15:17:45	Sell BAC purchased at 12.21 same-day 2% StopLoss
2013-02-20 15:17:45	Sell BAC purchased at 12.06 same-day 2% StopLoss
2013-02-20 15:17:47	Sell GLD purchased at 170.51 7% StopLoss
2013-02-20 15:18:55	Sell BAC purchased at 12.21 same-day 2% StopLoss
2013-02-20 15:18:55	Sell LXK purchased at 24.04 7% StopLoss
2013-02-20 15:18:55	Sell GLD purchased at 170.51 7% StopLoss
2013-02-20 15:19:01	Sell BAC purchased at 12.06 same-day 2% StopLoss
2013-02-20 15:23:24	Sell BAC purchased at 12.21 same-day 2% StopLoss
2013-02-20 15:23:25	Sell GLD purchased at 170.51 7% StopLoss
2013-02-20 15:23:25	Sell BAC purchased at 12.06 same-day 2% StopLoss
2013-02-20 15:23:27	Sell LXK purchased at 24.04 7% StopLoss
